d:\!!! проекты\2021\!research\sns87_pentest\poc\poc_openprocesschecker\poc_openprocesschecker\debug\vc141.pdb
d:\!!! проекты\2021\!research\sns87_pentest\poc\poc_openprocesschecker\poc_openprocesschecker\debug\vc141.idb
d:\!!! проекты\2021\!research\sns87_pentest\poc\poc_openprocesschecker\poc_openprocesschecker\debug\util.obj
d:\!!! проекты\2021\!research\sns87_pentest\poc\poc_openprocesschecker\poc_openprocesschecker\debug\worker.obj
d:\!!! проекты\2021\!research\sns87_pentest\poc\poc_openprocesschecker\poc_openprocesschecker\debug\poc_openprocesschecker.obj
d:\!!! проекты\2021\!research\sns87_pentest\poc\poc_openprocesschecker\poc_openprocesschecker\debug\csvfile.obj
d:\!!! проекты\2021\!research\sns87_pentest\poc\poc_openprocesschecker\debug\openprocesschecker.ilk
d:\!!! проекты\2021\!research\sns87_pentest\poc\poc_openprocesschecker\debug\openprocesschecker.exe
d:\!!! проекты\2021\!research\sns87_pentest\poc\poc_openprocesschecker\debug\poc_openprocesschecker.pdb
d:\!!! проекты\2021\!research\sns87_pentest\poc\poc_openprocesschecker\debug\openprocesschecker.pdb
d:\!!! проекты\2021\!research\sns87_pentest\poc\poc_openprocesschecker\poc_openprocesschecker\debug\versioninfo.res
d:\!!! проекты\2021\!research\sns87_pentest\poc\poc_openprocesschecker\poc_openprocesschecker\debug\worker.obj.enc
d:\!!! проекты\2021\!research\sns87_pentest\poc\poc_openprocesschecker\debug\poc_openprocesschecker.exe
d:\!!! проекты\2021\!research\sns87_pentest\poc\poc_openprocesschecker\debug\poc_openprocesschecker.ilk
d:\!!! проекты\2021\!research\sns87_pentest\poc\poc_openprocesschecker\poc_openprocesschecker\debug\poc_open.ff236000.tlog\cl.command.1.tlog
d:\!!! проекты\2021\!research\sns87_pentest\poc\poc_openprocesschecker\poc_openprocesschecker\debug\poc_open.ff236000.tlog\cl.read.1.tlog
d:\!!! проекты\2021\!research\sns87_pentest\poc\poc_openprocesschecker\poc_openprocesschecker\debug\poc_open.ff236000.tlog\cl.write.1.tlog
d:\!!! проекты\2021\!research\sns87_pentest\poc\poc_openprocesschecker\poc_openprocesschecker\debug\poc_open.ff236000.tlog\link.command.1.tlog
d:\!!! проекты\2021\!research\sns87_pentest\poc\poc_openprocesschecker\poc_openprocesschecker\debug\poc_open.ff236000.tlog\link.read.1.tlog
d:\!!! проекты\2021\!research\sns87_pentest\poc\poc_openprocesschecker\poc_openprocesschecker\debug\poc_open.ff236000.tlog\link.write.1.tlog
d:\!!! проекты\2021\!research\sns87_pentest\poc\poc_openprocesschecker\poc_openprocesschecker\debug\poc_open.ff236000.tlog\rc.command.1.tlog
d:\!!! проекты\2021\!research\sns87_pentest\poc\poc_openprocesschecker\poc_openprocesschecker\debug\poc_open.ff236000.tlog\rc.read.1.tlog
d:\!!! проекты\2021\!research\sns87_pentest\poc\poc_openprocesschecker\poc_openprocesschecker\debug\poc_open.ff236000.tlog\rc.write.1.tlog
